# JRE version: Java(TM) SE Runtime Environment (8.0_112-b16) (build 1.8.0_112-b16)
# Java VM: Java HotSpot(TM) 64-Bit Server VM (25.112-b16 mixed mode bsd-amd64 compressed oops)
Heap:
 PSYoungGen      total 38400K, used 0K [0x0000000795580000, 0x0000000798000000, 0x00000007c0000000)
  eden space 33280K, 0% used [0x0000000795580000,0x0000000795580000,0x0000000797600000)
  from space 5120K, 0% used [0x0000000797600000,0x0000000797600000,0x0000000797b00000)
  to   space 5120K, 0% used [0x0000000797b00000,0x0000000797b00000,0x0000000798000000)
 ParOldGen       total 87552K, used 2830K [0x0000000740000000, 0x0000000745580000, 0x0000000795580000)
  object space 87552K, 3% used [0x0000000740000000,0x00000007402c3b80,0x0000000745580000)
 Metaspace       used 13595K, capacity 13824K, committed 14080K, reserved 1060864K
  class space    used 1617K, capacity 1692K, committed 1792K, reserved 1048576K
GC Heap History (10 events):
Event: 72004.010 GC heap before
{Heap before GC invocations=42 (full 21):
 PSYoungGen      total 38400K, used 160K [0x0000000795580000, 0x0000000798000000, 0x00000007c0000000)
  eden space 33280K, 0% used [0x0000000795580000,0x0000000795580000,0x0000000797600000)
  from space 5120K, 3% used [0x0000000797600000,0x0000000797628000,0x0000000797b00000)
  to   space 5120K, 0% used [0x0000000797b00000,0x0000000797b00000,0x0000000798000000)
 ParOldGen       total 87552K, used 2825K [0x0000000740000000, 0x0000000745580000, 0x0000000795580000)
  object space 87552K, 3% used [0x0000000740000000,0x00000007402c2658,0x0000000745580000)
 Metaspace       used 13503K, capacity 13714K, committed 14080K, reserved 1060864K
  class space    used 1616K, capacity 1695K, committed 1792K, reserved 1048576K
Event: 72004.022 GC heap after
Heap after GC invocations=42 (full 21):
 PSYoungGen      total 38400K, used 0K [0x0000000795580000, 0x0000000798000000, 0x00000007c0000000)
  eden space 33280K, 0% used [0x0000000795580000,0x0000000795580000,0x0000000797600000)
  from space 5120K, 0% used [0x0000000797600000,0x0000000797600000,0x0000000797b00000)
  to   space 5120K, 0% used [0x0000000797b00000,0x0000000797b00000,0x0000000798000000)
 ParOldGen       total 87552K, used 2825K [0x0000000740000000, 0x0000000745580000, 0x0000000795580000)
  object space 87552K, 3% used [0x0000000740000000,0x00000007402c2658,0x0000000745580000)
 Metaspace       used 13492K, capacity 13696K, committed 14080K, reserved 1060864K
  class space    used 1614K, capacity 1692K, committed 1792K, reserved 1048576K
}
Event: 75604.030 GC heap before
{Heap before GC invocations=43 (full 21):
 PSYoungGen      total 38400K, used 3682K [0x0000000795580000, 0x0000000798000000, 0x00000007c0000000)
  eden space 33280K, 11% used [0x0000000795580000,0x00000007959189d0,0x0000000797600000)
  from space 5120K, 0% used [0x0000000797600000,0x0000000797600000,0x0000000797b00000)
  to   space 5120K, 0% used [0x0000000797b00000,0x0000000797b00000,0x0000000798000000)
 ParOldGen       total 87552K, used 2825K [0x0000000740000000, 0x0000000745580000, 0x0000000795580000)
  object space 87552K, 3% used [0x0000000740000000,0x00000007402c2658,0x0000000745580000)
 Metaspace       used 13540K, capacity 13778K, committed 14080K, reserved 1060864K
  class space    used 1616K, capacity 1695K, committed 1792K, reserved 1048576K
Event: 75604.031 GC heap after
Heap after GC invocations=43 (full 21):
 PSYoungGen      total 38400K, used 160K [0x0000000795580000, 0x0000000798000000, 0x00000007c0000000)
  eden space 33280K, 0% used [0x0000000795580000,0x0000000795580000,0x0000000797600000)
  from space 5120K, 3% used [0x0000000797b00000,0x0000000797b28000,0x0000000798000000)
  to   space 5120K, 0% used [0x0000000797600000,0x0000000797600000,0x0000000797b00000)
 ParOldGen       total 87552K, used 2833K [0x0000000740000000, 0x0000000745580000, 0x0000000795580000)
  object space 87552K, 3% used [0x0000000740000000,0x00000007402c4658,0x0000000745580000)
 Metaspace       used 13540K, capacity 13778K, committed 14080K, reserved 1060864K
  class space    used 1616K, capacity 1695K, committed 1792K, reserved 1048576K
}
Event: 75604.031 GC heap before
{Heap before GC invocations=44 (full 22):
 PSYoungGen      total 38400K, used 160K [0x0000000795580000, 0x0000000798000000, 0x00000007c0000000)
  eden space 33280K, 0% used [0x0000000795580000,0x0000000795580000,0x0000000797600000)
  from space 5120K, 3% used [0x0000000797b00000,0x0000000797b28000,0x0000000798000000)
  to   space 5120K, 0% used [0x0000000797600000,0x0000000797600000,0x0000000797b00000)
 ParOldGen       total 87552K, used 2833K [0x0000000740000000, 0x0000000745580000, 0x0000000795580000)
  object space 87552K, 3% used [0x0000000740000000,0x00000007402c4658,0x0000000745580000)
 Metaspace       used 13540K, capacity 13778K, committed 14080K, reserved 1060864K
  class space    used 1616K, capacity 1695K, committed 1792K, reserved 1048576K
Event: 75604.044 GC heap after
Heap after GC invocations=44 (full 22):
 PSYoungGen      total 38400K, used 0K [0x0000000795580000, 0x0000000798000000, 0x00000007c0000000)
  eden space 33280K, 0% used [0x0000000795580000,0x0000000795580000,0x0000000797600000)
  from space 5120K, 0% used [0x0000000797b00000,0x0000000797b00000,0x0000000798000000)
  to   space 5120K, 0% used [0x0000000797600000,0x0000000797600000,0x0000000797b00000)
 ParOldGen       total 87552K, used 2825K [0x0000000740000000, 0x0000000745580000, 0x0000000795580000)
  object space 87552K, 3% used [0x0000000740000000,0x00000007402c2778,0x0000000745580000)
 Metaspace       used 13529K, capacity 13760K, committed 14080K, reserved 1060864K
  class space    used 1614K, capacity 1692K, committed 1792K, reserved 1048576K
}
Event: 79204.049 GC heap before
{Heap before GC invocations=45 (full 22):
 PSYoungGen      total 38400K, used 4532K [0x0000000795580000, 0x0000000798000000, 0x00000007c0000000)
  eden space 33280K, 13% used [0x0000000795580000,0x00000007959ed268,0x0000000797600000)
  from space 5120K, 0% used [0x0000000797b00000,0x0000000797b00000,0x0000000798000000)
  to   space 5120K, 0% used [0x0000000797600000,0x0000000797600000,0x0000000797b00000)
 ParOldGen       total 87552K, used 2825K [0x0000000740000000, 0x0000000745580000, 0x0000000795580000)
  object space 87552K, 3% used [0x0000000740000000,0x00000007402c2778,0x0000000745580000)
 Metaspace       used 13606K, capacity 13842K, committed 14080K, reserved 1060864K
  class space    used 1619K, capacity 1695K, committed 1792K, reserved 1048576K
Event: 79204.056 GC heap after
Heap after GC invocations=45 (full 22):
 PSYoungGen      total 38400K, used 905K [0x0000000795580000, 0x0000000798000000, 0x00000007c0000000)
  eden space 33280K, 0% used [0x0000000795580000,0x0000000795580000,0x0000000797600000)
  from space 5120K, 17% used [0x0000000797600000,0x00000007976e2580,0x0000000797b00000)
  to   space 5120K, 0% used [0x0000000797b00000,0x0000000797b00000,0x0000000798000000)
 ParOldGen       total 87552K, used 2833K [0x0000000740000000, 0x0000000745580000, 0x0000000795580000)
  object space 87552K, 3% used [0x0000000740000000,0x00000007402c4778,0x0000000745580000)
 Metaspace       used 13606K, capacity 13842K, committed 14080K, reserved 1060864K
  class space    used 1619K, capacity 1695K, committed 1792K, reserved 1048576K
}
Event: 79204.056 GC heap before
{Heap before GC invocations=46 (full 23):
 PSYoungGen      total 38400K, used 905K [0x0000000795580000, 0x0000000798000000, 0x00000007c0000000)
  eden space 33280K, 0% used [0x0000000795580000,0x0000000795580000,0x0000000797600000)
  from space 5120K, 17% used [0x0000000797600000,0x00000007976e2580,0x0000000797b00000)
  to   space 5120K, 0% used [0x0000000797b00000,0x0000000797b00000,0x0000000798000000)
 ParOldGen       total 87552K, used 2833K [0x0000000740000000, 0x0000000745580000, 0x0000000795580000)
  object space 87552K, 3% used [0x0000000740000000,0x00000007402c4778,0x0000000745580000)
 Metaspace       used 13606K, capacity 13842K, committed 14080K, reserved 1060864K
  class space    used 1619K, capacity 1695K, committed 1792K, reserved 1048576K
Event: 79204.124 GC heap after
Heap after GC invocations=46 (full 23):
 PSYoungGen      total 38400K, used 0K [0x0000000795580000, 0x0000000798000000, 0x00000007c0000000)
  eden space 33280K, 0% used [0x0000000795580000,0x0000000795580000,0x0000000797600000)
  from space 5120K, 0% used [0x0000000797600000,0x0000000797600000,0x0000000797b00000)
  to   space 5120K, 0% used [0x0000000797b00000,0x0000000797b00000,0x0000000798000000)
 ParOldGen       total 87552K, used 2830K [0x0000000740000000, 0x0000000745580000, 0x0000000795580000)
  object space 87552K, 3% used [0x0000000740000000,0x00000007402c3b80,0x0000000745580000)
 Metaspace       used 13595K, capacity 13824K, committed 14080K, reserved 1060864K
  class space    used 1617K, capacity 1692K, committed 1792K, reserved 1048576K
}

